mode: set
github.com\200sc\go-compgeo\search\tree\avl.go:3.25,5.2 0 0
github.com\200sc\go-compgeo\search\tree\avl.go:6.25,8.2 0 0
github.com\200sc\go-compgeo\search\tree\avl.go:9.25,11.2 0 0
github.com\200sc\go-compgeo\search\tree\bst.go:23.57,25.2 1 0
github.com\200sc\go-compgeo\search\tree\bst.go:30.42,33.22 3 1
github.com\200sc\go-compgeo\search\tree\bst.go:36.2,36.18 1 1
github.com\200sc\go-compgeo\search\tree\bst.go:33.22,35.3 1 1
github.com\200sc\go-compgeo\search\tree\bst.go:40.28,42.2 1 0
github.com\200sc\go-compgeo\search\tree\bst.go:45.50,52.6 7 1
github.com\200sc\go-compgeo\search\tree\bst.go:69.2,70.19 2 1
github.com\200sc\go-compgeo\search\tree\bst.go:83.2,86.12 4 1
github.com\200sc\go-compgeo\search\tree\bst.go:52.6,53.21 1 1
github.com\200sc\go-compgeo\search\tree\bst.go:56.3,57.26 2 1
github.com\200sc\go-compgeo\search\tree\bst.go:53.21,54.9 1 1
github.com\200sc\go-compgeo\search\tree\bst.go:57.26,59.4 1 1
github.com\200sc\go-compgeo\search\tree\bst.go:59.4,61.4 1 1
github.com\200sc\go-compgeo\search\tree\bst.go:70.19,71.25 1 1
github.com\200sc\go-compgeo\search\tree\bst.go:71.25,73.4 1 1
github.com\200sc\go-compgeo\search\tree\bst.go:73.4,75.4 1 1
github.com\200sc\go-compgeo\search\tree\bst.go:78.3,81.3 2 1
github.com\200sc\go-compgeo\search\tree\bst.go:96.45,100.6 4 1
github.com\200sc\go-compgeo\search\tree\bst.go:124.2,126.20 3 1
github.com\200sc\go-compgeo\search\tree\bst.go:131.2,131.12 1 1
github.com\200sc\go-compgeo\search\tree\bst.go:100.6,102.14 2 1
github.com\200sc\go-compgeo\search\tree\bst.go:120.3,120.21 1 1
github.com\200sc\go-compgeo\search\tree\bst.go:102.14,103.16 1 1
github.com\200sc\go-compgeo\search\tree\bst.go:106.4,106.25 1 1
github.com\200sc\go-compgeo\search\tree\bst.go:114.4,114.9 1 1
github.com\200sc\go-compgeo\search\tree\bst.go:103.16,104.10 1 1
github.com\200sc\go-compgeo\search\tree\bst.go:106.25,110.23 2 0
github.com\200sc\go-compgeo\search\tree\bst.go:110.23,112.6 1 0
github.com\200sc\go-compgeo\search\tree\bst.go:115.4,115.20 1 1
github.com\200sc\go-compgeo\search\tree\bst.go:115.20,117.4 1 1
github.com\200sc\go-compgeo\search\tree\bst.go:117.4,119.4 1 1
github.com\200sc\go-compgeo\search\tree\bst.go:120.21,122.4 1 1
github.com\200sc\go-compgeo\search\tree\bst.go:126.20,128.3 1 1
github.com\200sc\go-compgeo\search\tree\bst.go:128.3,130.3 1 1
github.com\200sc\go-compgeo\search\tree\bst.go:135.57,138.6 3 1
github.com\200sc\go-compgeo\search\tree\bst.go:151.2,151.20 1 1
github.com\200sc\go-compgeo\search\tree\bst.go:156.2,156.19 1 1
github.com\200sc\go-compgeo\search\tree\bst.go:138.6,139.21 1 1
github.com\200sc\go-compgeo\search\tree\bst.go:142.3,143.15 2 1
github.com\200sc\go-compgeo\search\tree\bst.go:139.21,140.9 1 1
github.com\200sc\go-compgeo\search\tree\bst.go:143.15,144.9 1 1
github.com\200sc\go-compgeo\search\tree\bst.go:145.4,145.21 1 1
github.com\200sc\go-compgeo\search\tree\bst.go:145.21,147.4 1 1
github.com\200sc\go-compgeo\search\tree\bst.go:147.4,149.4 1 1
github.com\200sc\go-compgeo\search\tree\bst.go:151.20,155.3 3 1
github.com\200sc\go-compgeo\search\tree\bst.go:159.30,160.19 1 1
github.com\200sc\go-compgeo\search\tree\bst.go:163.2,163.21 1 1
github.com\200sc\go-compgeo\search\tree\bst.go:166.2,166.29 1 1
github.com\200sc\go-compgeo\search\tree\bst.go:160.19,162.3 1 1
github.com\200sc\go-compgeo\search\tree\bst.go:163.21,165.3 1 1
github.com\200sc\go-compgeo\search\tree\bst.go:166.29,168.3 1 1
github.com\200sc\go-compgeo\search\tree\bst.go:176.49,178.2 1 0
github.com\200sc\go-compgeo\search\tree\bst.go:180.29,185.2 4 0
github.com\200sc\go-compgeo\search\tree\bst.go:187.33,189.13 2 0
github.com\200sc\go-compgeo\search\tree\bst.go:192.2,192.10 1 0
github.com\200sc\go-compgeo\search\tree\bst.go:189.13,191.3 1 0
github.com\200sc\go-compgeo\search\tree\bst.go:195.26,198.2 2 0
github.com\200sc\go-compgeo\search\tree\bst.go:201.61,202.14 1 0
github.com\200sc\go-compgeo\search\tree\bst.go:205.2,205.30 1 0
github.com\200sc\go-compgeo\search\tree\bst.go:216.2,217.25 2 0
github.com\200sc\go-compgeo\search\tree\bst.go:202.14,204.3 1 0
github.com\200sc\go-compgeo\search\tree\bst.go:205.30,206.37 1 0
github.com\200sc\go-compgeo\search\tree\bst.go:206.37,208.24 2 0
github.com\200sc\go-compgeo\search\tree\bst.go:209.4,211.4 1 0
github.com\200sc\go-compgeo\search\tree\bst.go:212.3,215.3 2 0
github.com\200sc\go-compgeo\search\tree\t-tree.go:3.23,5.2 0 0
github.com\200sc\go-compgeo\search\tree\t-tree.go:6.23,8.2 0 0
github.com\200sc\go-compgeo\search\tree\t-tree.go:9.23,11.2 0 0
github.com\200sc\go-compgeo\search\tree\node.go:23.30,25.2 1 0
github.com\200sc\go-compgeo\search\tree\node.go:27.34,29.2 1 0
github.com\200sc\go-compgeo\search\tree\node.go:31.29,32.14 1 0
github.com\200sc\go-compgeo\search\tree\node.go:35.2,40.20 5 0
github.com\200sc\go-compgeo\search\tree\node.go:43.2,44.21 2 0
github.com\200sc\go-compgeo\search\tree\node.go:47.2,49.11 2 0
github.com\200sc\go-compgeo\search\tree\node.go:32.14,34.3 1 0
github.com\200sc\go-compgeo\search\tree\node.go:40.20,42.3 1 0
github.com\200sc\go-compgeo\search\tree\node.go:44.21,46.3 1 0
github.com\200sc\go-compgeo\search\tree\node.go:52.31,53.19 1 1
github.com\200sc\go-compgeo\search\tree\node.go:56.2,56.24 1 1
github.com\200sc\go-compgeo\search\tree\node.go:53.19,55.3 1 1
github.com\200sc\go-compgeo\search\tree\node.go:59.31,60.20 1 0
github.com\200sc\go-compgeo\search\tree\node.go:63.2,63.25 1 0
github.com\200sc\go-compgeo\search\tree\node.go:60.20,62.3 1 0
github.com\200sc\go-compgeo\search\tree\node.go:66.32,68.14 2 1
github.com\200sc\go-compgeo\search\tree\node.go:71.2,71.17 1 1
github.com\200sc\go-compgeo\search\tree\node.go:74.2,74.15 1 1
github.com\200sc\go-compgeo\search\tree\node.go:68.14,70.3 1 0
github.com\200sc\go-compgeo\search\tree\node.go:71.17,73.3 1 1
github.com\200sc\go-compgeo\search\tree\node.go:77.39,78.17 1 1
github.com\200sc\go-compgeo\search\tree\node.go:81.2,81.15 1 1
github.com\200sc\go-compgeo\search\tree\node.go:78.17,80.3 1 1
github.com\200sc\go-compgeo\search\tree\node.go:84.30,86.14 2 1
github.com\200sc\go-compgeo\search\tree\node.go:89.2,89.20 1 1
github.com\200sc\go-compgeo\search\tree\node.go:86.14,88.3 1 0
github.com\200sc\go-compgeo\search\tree\node.go:94.46,100.21 2 1
github.com\200sc\go-compgeo\search\tree\node.go:107.2,107.15 1 1
github.com\200sc\go-compgeo\search\tree\node.go:110.2,110.17 1 1
github.com\200sc\go-compgeo\search\tree\node.go:100.21,102.3 1 1
github.com\200sc\go-compgeo\search\tree\node.go:102.3,102.31 1 1
github.com\200sc\go-compgeo\search\tree\node.go:102.31,104.3 1 1
github.com\200sc\go-compgeo\search\tree\node.go:104.3,106.3 1 1
github.com\200sc\go-compgeo\search\tree\node.go:107.15,109.3 1 1
github.com\200sc\go-compgeo\search\tree\node.go:113.29,116.19 3 1
github.com\200sc\go-compgeo\search\tree\node.go:119.2,120.21 2 1
github.com\200sc\go-compgeo\search\tree\node.go:127.2,128.14 2 1
github.com\200sc\go-compgeo\search\tree\node.go:116.19,118.3 1 1
github.com\200sc\go-compgeo\search\tree\node.go:120.21,121.25 1 1
github.com\200sc\go-compgeo\search\tree\node.go:121.25,123.4 1 1
github.com\200sc\go-compgeo\search\tree\node.go:123.4,125.4 1 1
github.com\200sc\go-compgeo\search\tree\node.go:131.30,134.20 3 1
github.com\200sc\go-compgeo\search\tree\node.go:137.2,138.21 2 1
github.com\200sc\go-compgeo\search\tree\node.go:145.2,146.14 2 1
github.com\200sc\go-compgeo\search\tree\node.go:134.20,136.3 1 1
github.com\200sc\go-compgeo\search\tree\node.go:138.21,139.25 1 1
github.com\200sc\go-compgeo\search\tree\node.go:139.25,141.4 1 1
github.com\200sc\go-compgeo\search\tree\node.go:141.4,143.4 1 1
github.com\200sc\go-compgeo\search\tree\node.go:149.31,151.22 1 0
github.com\200sc\go-compgeo\search\tree\node.go:158.2,166.20 6 0
github.com\200sc\go-compgeo\search\tree\node.go:169.2,169.21 1 0
github.com\200sc\go-compgeo\search\tree\node.go:173.2,175.22 2 0
github.com\200sc\go-compgeo\search\tree\node.go:183.2,185.19 3 0
github.com\200sc\go-compgeo\search\tree\node.go:188.2,188.20 1 0
github.com\200sc\go-compgeo\search\tree\node.go:192.2,192.21 1 0
github.com\200sc\go-compgeo\search\tree\node.go:151.22,152.27 1 0
github.com\200sc\go-compgeo\search\tree\node.go:152.27,154.4 1 0
github.com\200sc\go-compgeo\search\tree\node.go:154.4,156.4 1 0
github.com\200sc\go-compgeo\search\tree\node.go:166.20,168.3 1 0
github.com\200sc\go-compgeo\search\tree\node.go:169.21,171.3 1 0
github.com\200sc\go-compgeo\search\tree\node.go:175.22,176.26 1 0
github.com\200sc\go-compgeo\search\tree\node.go:176.26,178.4 1 0
github.com\200sc\go-compgeo\search\tree\node.go:178.4,180.4 1 0
github.com\200sc\go-compgeo\search\tree\node.go:185.19,187.3 1 0
github.com\200sc\go-compgeo\search\tree\node.go:188.20,190.3 1 0
github.com\200sc\go-compgeo\search\tree\node.go:195.84,196.14 1 1
github.com\200sc\go-compgeo\search\tree\node.go:199.2,203.27 5 1
github.com\200sc\go-compgeo\search\tree\node.go:206.2,206.19 1 1
github.com\200sc\go-compgeo\search\tree\node.go:209.2,209.21 1 1
github.com\200sc\go-compgeo\search\tree\node.go:196.14,198.3 1 1
github.com\200sc\go-compgeo\search\tree\node.go:203.27,205.3 1 1
github.com\200sc\go-compgeo\search\tree\node.go:206.19,208.3 1 1
github.com\200sc\go-compgeo\search\tree\node.go:212.45,213.14 1 0
github.com\200sc\go-compgeo\search\tree\node.go:218.2,218.24 1 0
github.com\200sc\go-compgeo\search\tree\node.go:213.14,217.3 3 0
github.com\200sc\go-compgeo\search\tree\node.go:221.32,223.2 1 1
github.com\200sc\go-compgeo\search\tree\node.go:224.58,225.34 1 1
github.com\200sc\go-compgeo\search\tree\node.go:228.2,229.12 2 1
github.com\200sc\go-compgeo\search\tree\node.go:237.2,237.17 1 1
github.com\200sc\go-compgeo\search\tree\node.go:242.2,242.21 1 1
github.com\200sc\go-compgeo\search\tree\node.go:245.2,249.10 4 1
github.com\200sc\go-compgeo\search\tree\node.go:225.34,227.3 1 1
github.com\200sc\go-compgeo\search\tree\node.go:229.12,232.3 2 1
github.com\200sc\go-compgeo\search\tree\node.go:232.3,235.3 2 1
github.com\200sc\go-compgeo\search\tree\node.go:237.17,239.3 1 1
github.com\200sc\go-compgeo\search\tree\node.go:239.3,241.3 1 1
github.com\200sc\go-compgeo\search\tree\node.go:242.21,244.3 1 1
github.com\200sc\go-compgeo\search\tree\node.go:252.34,254.2 1 1
github.com\200sc\go-compgeo\search\tree\node.go:256.35,257.14 1 0
github.com\200sc\go-compgeo\search\tree\node.go:260.2,260.25 1 0
github.com\200sc\go-compgeo\search\tree\node.go:257.14,259.3 1 0
github.com\200sc\go-compgeo\search\tree\node.go:263.28,264.22 1 0
github.com\200sc\go-compgeo\search\tree\node.go:267.2,267.16 1 0
github.com\200sc\go-compgeo\search\tree\node.go:264.22,266.3 1 0
github.com\200sc\go-compgeo\search\tree\rb.go:19.29,21.2 1 1
github.com\200sc\go-compgeo\search\tree\rb.go:23.31,24.14 1 1
github.com\200sc\go-compgeo\search\tree\rb.go:27.2,27.36 1 1
github.com\200sc\go-compgeo\search\tree\rb.go:24.14,26.3 1 1
github.com\200sc\go-compgeo\search\tree\rb.go:30.38,31.25 1 0
github.com\200sc\go-compgeo\search\tree\rb.go:37.2,37.10 1 0
github.com\200sc\go-compgeo\search\tree\rb.go:31.25,32.15 1 0
github.com\200sc\go-compgeo\search\tree\rb.go:35.3,35.15 1 0
github.com\200sc\go-compgeo\search\tree\rb.go:32.15,34.4 1 0
github.com\200sc\go-compgeo\search\tree\rb.go:41.38,43.14 2 1
github.com\200sc\go-compgeo\search\tree\rb.go:49.2,49.26 1 1
github.com\200sc\go-compgeo\search\tree\rb.go:55.2,56.15 2 1
github.com\200sc\go-compgeo\search\tree\rb.go:43.14,45.3 1 1
github.com\200sc\go-compgeo\search\tree\rb.go:50.12,51.23 1 1
github.com\200sc\go-compgeo\search\tree\rb.go:51.23,53.4 1 0
github.com\200sc\go-compgeo\search\tree\rb.go:62.61,63.14 1 1
github.com\200sc\go-compgeo\search\tree\rb.go:93.2,93.21 1 1
github.com\200sc\go-compgeo\search\tree\rb.go:63.14,64.27 1 1
github.com\200sc\go-compgeo\search\tree\rb.go:65.13,68.24 3 1
github.com\200sc\go-compgeo\search\tree\rb.go:76.4,77.10 2 1
github.com\200sc\go-compgeo\search\tree\rb.go:80.4,81.10 2 1
github.com\200sc\go-compgeo\search\tree\rb.go:84.4,84.18 1 1
github.com\200sc\go-compgeo\search\tree\rb.go:87.4,87.38 1 1
github.com\200sc\go-compgeo\search\tree\rb.go:89.11,90.67 1 0
github.com\200sc\go-compgeo\search\tree\rb.go:68.24,69.20 1 1
github.com\200sc\go-compgeo\search\tree\rb.go:72.5,72.23 1 1
github.com\200sc\go-compgeo\search\tree\rb.go:69.20,71.6 1 0
github.com\200sc\go-compgeo\search\tree\rb.go:73.5,75.5 1 1
github.com\200sc\go-compgeo\search\tree\rb.go:77.10,79.5 1 0
github.com\200sc\go-compgeo\search\tree\rb.go:81.10,83.5 1 0
github.com\200sc\go-compgeo\search\tree\rb.go:84.18,86.5 1 0
github.com\200sc\go-compgeo\search\tree\rb.go:96.24,98.2 0 1
github.com\200sc\go-compgeo\search\tree\rb.go:100.24,102.6 1 1
github.com\200sc\go-compgeo\search\tree\rb.go:102.6,104.15 2 1
github.com\200sc\go-compgeo\search\tree\rb.go:110.3,110.18 1 1
github.com\200sc\go-compgeo\search\tree\rb.go:119.3,121.23 3 1
github.com\200sc\go-compgeo\search\tree\rb.go:104.15,107.4 2 1
github.com\200sc\go-compgeo\search\tree\rb.go:110.18,112.4 1 1
github.com\200sc\go-compgeo\search\tree\rb.go:121.23,127.4 4 1
github.com\200sc\go-compgeo\search\tree\rb.go:127.4,128.36 1 1
github.com\200sc\go-compgeo\search\tree\rb.go:135.4,141.19 5 1
github.com\200sc\go-compgeo\search\tree\rb.go:146.4,146.10 1 1
github.com\200sc\go-compgeo\search\tree\rb.go:128.36,131.5 2 1
github.com\200sc\go-compgeo\search\tree\rb.go:131.5,131.43 1 1
github.com\200sc\go-compgeo\search\tree\rb.go:131.43,134.5 2 1
github.com\200sc\go-compgeo\search\tree\rb.go:141.19,143.5 1 1
github.com\200sc\go-compgeo\search\tree\rb.go:143.5,145.5 1 1
github.com\200sc\go-compgeo\search\tree\rb.go:150.30,158.20 6 1
github.com\200sc\go-compgeo\search\tree\rb.go:199.2,199.16 1 1
github.com\200sc\go-compgeo\search\tree\rb.go:205.2,205.16 1 1
github.com\200sc\go-compgeo\search\tree\rb.go:158.20,161.3 2 1
github.com\200sc\go-compgeo\search\tree\rb.go:161.3,161.26 1 1
github.com\200sc\go-compgeo\search\tree\rb.go:161.26,164.3 2 1
github.com\200sc\go-compgeo\search\tree\rb.go:164.3,179.21 5 1
github.com\200sc\go-compgeo\search\tree\rb.go:188.3,189.26 2 1
github.com\200sc\go-compgeo\search\tree\rb.go:192.3,195.13 4 1
github.com\200sc\go-compgeo\search\tree\rb.go:179.21,180.16 1 1
github.com\200sc\go-compgeo\search\tree\rb.go:180.16,182.5 1 1
github.com\200sc\go-compgeo\search\tree\rb.go:183.4,187.4 3 1
github.com\200sc\go-compgeo\search\tree\rb.go:189.26,191.4 1 1
github.com\200sc\go-compgeo\search\tree\rb.go:195.13,197.4 1 1
github.com\200sc\go-compgeo\search\tree\rb.go:199.16,201.26 2 1
github.com\200sc\go-compgeo\search\tree\rb.go:201.26,203.4 1 1
github.com\200sc\go-compgeo\search\tree\rb.go:210.38,212.18 2 1
github.com\200sc\go-compgeo\search\tree\rb.go:303.2,303.14 1 1
github.com\200sc\go-compgeo\search\tree\rb.go:306.2,306.16 1 1
github.com\200sc\go-compgeo\search\tree\rb.go:212.18,213.15 1 1
github.com\200sc\go-compgeo\search\tree\rb.go:218.3,218.15 1 1
github.com\200sc\go-compgeo\search\tree\rb.go:223.3,224.16 2 1
github.com\200sc\go-compgeo\search\tree\rb.go:257.3,257.74 1 1
github.com\200sc\go-compgeo\search\tree\rb.go:267.3,267.72 1 1
github.com\200sc\go-compgeo\search\tree\rb.go:276.3,276.57 1 1
github.com\200sc\go-compgeo\search\tree\rb.go:292.3,294.18 3 1
github.com\200sc\go-compgeo\search\tree\rb.go:301.3,301.8 1 1
github.com\200sc\go-compgeo\search\tree\rb.go:213.15,215.4 1 1
github.com\200sc\go-compgeo\search\tree\rb.go:218.15,220.9 2 1
github.com\200sc\go-compgeo\search\tree\rb.go:224.16,233.20 3 1
github.com\200sc\go-compgeo\search\tree\rb.go:233.20,236.5 2 1
github.com\200sc\go-compgeo\search\tree\rb.go:236.5,239.5 2 1
github.com\200sc\go-compgeo\search\tree\rb.go:257.74,261.12 4 1
github.com\200sc\go-compgeo\search\tree\rb.go:267.72,270.9 3 1
github.com\200sc\go-compgeo\search\tree\rb.go:276.57,283.4 4 1
github.com\200sc\go-compgeo\search\tree\rb.go:283.4,283.65 1 1
github.com\200sc\go-compgeo\search\tree\rb.go:283.65,288.4 4 1
github.com\200sc\go-compgeo\search\tree\rb.go:294.18,297.4 2 1
github.com\200sc\go-compgeo\search\tree\rb.go:297.4,300.4 2 1
github.com\200sc\go-compgeo\search\tree\rb.go:303.14,305.3 1 1
github.com\200sc\go-compgeo\search\tree\splay.go:3.27,5.2 0 0
github.com\200sc\go-compgeo\search\tree\splay.go:6.27,8.2 0 0
github.com\200sc\go-compgeo\search\tree\splay.go:9.27,11.2 0 0
github.com\200sc\go-compgeo\search\tree\tango.go:3.27,5.2 0 0
github.com\200sc\go-compgeo\search\tree\tango.go:6.27,8.2 0 0
github.com\200sc\go-compgeo\search\tree\tango.go:9.27,11.2 0 0
github.com\200sc\go-compgeo\search\tree\type.go:24.39,26.13 2 1
github.com\200sc\go-compgeo\search\tree\type.go:32.2,32.12 1 1
github.com\200sc\go-compgeo\search\tree\type.go:27.10,28.14 1 0
github.com\200sc\go-compgeo\search\tree\type.go:29.16,30.22 1 1
